<?xml version="1.0" encoding="UTF-8"?>
<!-- Generated by org.testng.reporters.JUnitReportReporter -->
<testsuite hostname="SZR_TEST_WIN" name="testng.TestNGDDT" tests="4" failures="0" timestamp="27 Nov 2015 05:32:22 GMT" time="3.639" errors="0">
  <testcase name="testBMICalculator" time="0.338" classname="testng.TestNGDDT"/>
  <testcase name="testBMICalculator" time="0.353" classname="testng.TestNGDDT"/>
  <testcase name="testBMICalculator" time="2.573" classname="testng.TestNGDDT"/>
  <testcase name="testBMICalculator" time="0.375" classname="testng.TestNGDDT"/>
</testsuite> <!-- testng.TestNGDDT -->
