<?xml version="1.0" encoding="UTF-8"?>
<!-- Generated by org.testng.reporters.JUnitReportReporter -->
<testsuite hostname="SZR_TEST_WIN" name="testing.testNG.user.UserInformationTest" tests="2" failures="0" timestamp="3 Jan 2016 15:50:01 GMT" time="3.786" errors="0">
  <testcase name="testSuccessLogin" time="3.125" classname="testing.testNG.user.UserInformationTest"/>
  <testcase name="testFailEmailSyn" time="0.661" classname="testing.testNG.user.UserInformationTest"/>
</testsuite> <!-- testing.testNG.user.UserInformationTest -->
